#
# There is insufficient memory for the Java Runtime Environment to continue.
# Native memory allocation (malloc) failed to allocate 898336 bytes for Chunk::new
# Possible reasons:
#   The system is out of physical RAM or swap space
#   The process is running with CompressedOops enabled, and the Java Heap may be blocking the growth of the native heap
# Possible solutions:
#   Reduce memory load on the system
#   Increase physical memory or swap space
#   Check if swap backing store is full
#   Decrease Java heap size (-Xmx/-Xms)
#   Decrease number of Java threads
#   Decrease Java thread stack sizes (-Xss)
#   Set larger code cache with -XX:ReservedCodeCacheSize=
#   JVM is running with Unscaled Compressed Oops mode in which the Java heap is
#     placed in the first 4GB address space. The Java Heap base address is the
#     maximum limit for the native heap growth. Please use -XX:HeapBaseMinAddress
#     to set the Java Heap base and to place the Java Heap above 4GB virtual address.
# This output file may be truncated or incomplete.
#
#  Out of Memory Error (allocation.cpp:389), pid=18080, tid=0x0000000000002d0c
#
# JRE version: Java(TM) SE Runtime Environment (8.0_251-b08) (build 1.8.0_251-b08)
# Java VM: Java HotSpot(TM) 64-Bit Server VM (25.251-b08 mixed mode windows-amd64 compressed oops)
# Failed to write core dump. Minidumps are not enabled by default on client versions of Windows
#

---------------  T H R E A D  ---------------

Current thread (0x000000001a040800):  JavaThread "C2 CompilerThread1" daemon [_thread_in_native, id=11532, stack(0x000000001a910000,0x000000001aa10000)]

Stack: [0x000000001a910000,0x000000001aa10000]
[error occurred during error reporting (printing stack bounds), id 0xc0000005]

Native frames: (J=compiled Java code, j=interpreted, Vv=VM code, C=native code)


Current CompileTask:
C2:   3827 3747   !   4       java.net.URL::<init> (543 bytes)


---------------  P R O C E S S  ---------------

Java Threads: ( => current thread )
  0x000000001fa45000 JavaThread "task-1" [_thread_blocked, id=18552, stack(0x000000001fc20000,0x000000001fd20000)]
  0x000000001dae1800 JavaThread "mysql-cj-abandoned-connection-cleanup" daemon [_thread_blocked, id=13480, stack(0x000000001e8f0000,0x000000001e9f0000)]
  0x000000001a29b800 JavaThread "surefire-forkedjvm-ping-30s" daemon [_thread_blocked, id=19100, stack(0x000000001af10000,0x000000001b010000)]
  0x000000001a232000 JavaThread "surefire-forkedjvm-command-thread" daemon [_thread_in_native, id=25052, stack(0x000000001ae10000,0x000000001af10000)]
  0x000000001a0e3800 JavaThread "Service Thread" daemon [_thread_blocked, id=14320, stack(0x000000001ac10000,0x000000001ad10000)]
  0x000000001a048800 JavaThread "C1 CompilerThread3" daemon [_thread_blocked, id=15520, stack(0x000000001ab10000,0x000000001ac10000)]
  0x000000001a042800 JavaThread "C2 CompilerThread2" daemon [_thread_in_native, id=22400, stack(0x000000001aa10000,0x000000001ab10000)]
=>0x000000001a040800 JavaThread "C2 CompilerThread1" daemon [_thread_in_native, id=11532, stack(0x000000001a910000,0x000000001aa10000)]
  0x000000001a03c000 JavaThread "C2 CompilerThread0" daemon [_thread_in_native, id=22860, stack(0x000000001a810000,0x000000001a910000)]
  0x000000001a03a000 JavaThread "Attach Listener" daemon [_thread_blocked, id=25660, stack(0x000000001a710000,0x000000001a810000)]
  0x0000000019fe6800 JavaThread "Signal Dispatcher" daemon [_thread_blocked, id=24584, stack(0x000000001a610000,0x000000001a710000)]
  0x0000000019fd1800 JavaThread "Finalizer" daemon [_thread_blocked, id=2992, stack(0x000000001a4b0000,0x000000001a5b0000)]
  0x0000000019fd0800 JavaThread "Reference Handler" daemon [_thread_blocked, id=24452, stack(0x000000001a3b0000,0x000000001a4b0000)]
  0x0000000003161000 JavaThread "main" [_thread_in_native, id=24368, stack(0x0000000003000000,0x0000000003100000)]

Other Threads:
  0x00000000181e9000 VMThread [stack: 0x0000000019eb0000,0x0000000019fb0000] [id=12936]
  0x000000001a10d800 WatcherThread [stack: 0x000000001ad10000,0x000000001ae10000] [id=17436]

VM state:not at safepoint (normal execution)

VM Mutex/Monitor currently owned by a thread: None

heap address: 0x0000000081a00000, size: 2022 MB, Compressed Oops mode: 32-bit
Narrow klass base: 0x0000000000000000, Narrow klass shift: 3
Compressed class space size: 1073741824 Address: 0x0000000100000000

Heap:
 PSYoungGen      total 169472K, used 72136K [0x00000000d5e00000, 0x00000000e1980000, 0x0000000100000000)
  eden space 158208K, 45% used [0x00000000d5e00000,0x00000000da472088,0x00000000df880000)
  from space 11264K, 0% used [0x00000000e0500000,0x00000000e0500000,0x00000000e1000000)
  to   space 12800K, 0% used [0x00000000df880000,0x00000000df880000,0x00000000e0500000)
 ParOldGen       total 88576K, used 15393K [0x0000000081a00000, 0x0000000087080000, 0x00000000d5e00000)
  object space 88576K, 17% used [0x0000000081a00000,0x00000000829087a0,0x0000000087080000)
 Metaspace       used 41687K, capacity 43814K, committed 44120K, reserved 1087488K
  class space    used 5578K, capacity 5951K, committed 6016K, reserved 1048576K

Card table byte_map: [0x0000000012620000,0x0000000012a20000] byte_map_base: 0x0000000012213000

Marking Bits: (ParMarkBitMap*) 0x0000000060f3af90
 Begin Bits: [0x00000000134d0000, 0x0000000015468000)
 End Bits:   [0x0000000015468000, 0x0000000017400000)

Polling page: 0x0000000002bb0000

CodeCache: size=245760Kb used=13844Kb max_used=13874Kb free=231915Kb
 bounds [0x0000000003260000, 0x0000000004000000, 0x0000000012260000]
 total_blobs=4228 nmethods=3768 adapters=372
 compilation: enabled

Compilation events (10 events):
Event: 3.794 Thread 0x000000001a03c000 nmethod 3499 0x0000000003fe3690 code [0x0000000003fe40c0, 0x0000000003fea9f8]
Event: 3.794 Thread 0x000000001a03c000 3741       4       java.net.URLStreamHandler::parseURL (1193 bytes)
Event: 3.796 Thread 0x000000001a048800 3773       3       java.util.TreeMap::getEntryUsingComparator (74 bytes)
Event: 3.796 Thread 0x000000001a048800 nmethod 3773 0x0000000003fb1e50 code [0x0000000003fb1fe0, 0x0000000003fb23c8]
Event: 3.806 Thread 0x000000001a048800 3774       3       com.mysql.cj.MysqlCharset::addEncodingMapping (33 bytes)
Event: 3.806 Thread 0x000000001a048800 nmethod 3774 0x0000000003fb1750 code [0x0000000003fb18e0, 0x0000000003fb1ce8]
Event: 3.807 Thread 0x000000001a048800 3775       3       com.mysql.cj.Collation::<init> (37 bytes)
Event: 3.807 Thread 0x000000001a048800 nmethod 3775 0x0000000003fb1010 code [0x0000000003fb11a0, 0x0000000003fb15c8]
Event: 3.821 Thread 0x000000001a048800 3776       3       sun.util.PreHashedMap::get (73 bytes)
Event: 3.822 Thread 0x000000001a048800 nmethod 3776 0x0000000003faf850 code [0x0000000003fafa20, 0x0000000003fb0138]

GC Heap History (10 events):
Event: 1.743 GC heap before
{Heap before GC invocations=6 (full 1):
 PSYoungGen      total 71680K, used 66560K [0x00000000d5e00000, 0x00000000da900000, 0x0000000100000000)
  eden space 66560K, 100% used [0x00000000d5e00000,0x00000000d9f00000,0x00000000d9f00000)
  from space 5120K, 0% used [0x00000000da400000,0x00000000da400000,0x00000000da900000)
  to   space 5120K, 0% used [0x00000000d9f00000,0x00000000d9f00000,0x00000000da400000)
 ParOldGen       total 60416K, used 8766K [0x0000000081a00000, 0x0000000085500000, 0x00000000d5e00000)
  object space 60416K, 14% used [0x0000000081a00000,0x000000008228fab8,0x0000000085500000)
 Metaspace       used 22851K, capacity 24318K, committed 24576K, reserved 1071104K
  class space    used 2964K, capacity 3267K, committed 3328K, reserved 1048576K
Event: 1.751 GC heap after
Heap after GC invocations=6 (full 1):
 PSYoungGen      total 71680K, used 5114K [0x00000000d5e00000, 0x00000000dd500000, 0x0000000100000000)
  eden space 66560K, 0% used [0x00000000d5e00000,0x00000000d5e00000,0x00000000d9f00000)
  from space 5120K, 99% used [0x00000000d9f00000,0x00000000da3fea98,0x00000000da400000)
  to   space 9216K, 0% used [0x00000000dcc00000,0x00000000dcc00000,0x00000000dd500000)
 ParOldGen       total 60416K, used 10181K [0x0000000081a00000, 0x0000000085500000, 0x00000000d5e00000)
  object space 60416K, 16% used [0x0000000081a00000,0x00000000823f1760,0x0000000085500000)
 Metaspace       used 22851K, capacity 24318K, committed 24576K, reserved 1071104K
  class space    used 2964K, capacity 3267K, committed 3328K, reserved 1048576K
}
Event: 1.929 GC heap before
{Heap before GC invocations=7 (full 1):
 PSYoungGen      total 71680K, used 71674K [0x00000000d5e00000, 0x00000000dd500000, 0x0000000100000000)
  eden space 66560K, 100% used [0x00000000d5e00000,0x00000000d9f00000,0x00000000d9f00000)
  from space 5120K, 99% used [0x00000000d9f00000,0x00000000da3fea98,0x00000000da400000)
  to   space 9216K, 0% used [0x00000000dcc00000,0x00000000dcc00000,0x00000000dd500000)
 ParOldGen       total 60416K, used 10181K [0x0000000081a00000, 0x0000000085500000, 0x00000000d5e00000)
  object space 60416K, 16% used [0x0000000081a00000,0x00000000823f1760,0x0000000085500000)
 Metaspace       used 24367K, capacity 25870K, committed 25984K, reserved 1071104K
  class space    used 3159K, capacity 3449K, committed 3456K, reserved 1048576K
Event: 1.934 GC heap after
Heap after GC invocations=7 (full 1):
 PSYoungGen      total 112640K, used 5495K [0x00000000d5e00000, 0x00000000dd600000, 0x0000000100000000)
  eden space 103424K, 0% used [0x00000000d5e00000,0x00000000d5e00000,0x00000000dc300000)
  from space 9216K, 59% used [0x00000000dcc00000,0x00000000dd15deb0,0x00000000dd500000)
  to   space 9216K, 0% used [0x00000000dc300000,0x00000000dc300000,0x00000000dcc00000)
 ParOldGen       total 60416K, used 10189K [0x0000000081a00000, 0x0000000085500000, 0x00000000d5e00000)
  object space 60416K, 16% used [0x0000000081a00000,0x00000000823f3760,0x0000000085500000)
 Metaspace       used 24367K, capacity 25870K, committed 25984K, reserved 1071104K
  class space    used 3159K, capacity 3449K, committed 3456K, reserved 1048576K
}
Event: 2.878 GC heap before
{Heap before GC invocations=8 (full 1):
 PSYoungGen      total 112640K, used 108919K [0x00000000d5e00000, 0x00000000dd600000, 0x0000000100000000)
  eden space 103424K, 100% used [0x00000000d5e00000,0x00000000dc300000,0x00000000dc300000)
  from space 9216K, 59% used [0x00000000dcc00000,0x00000000dd15deb0,0x00000000dd500000)
  to   space 9216K, 0% used [0x00000000dc300000,0x00000000dc300000,0x00000000dcc00000)
 ParOldGen       total 60416K, used 10189K [0x0000000081a00000, 0x0000000085500000, 0x00000000d5e00000)
  object space 60416K, 16% used [0x0000000081a00000,0x00000000823f3760,0x0000000085500000)
 Metaspace       used 29598K, capacity 31456K, committed 31616K, reserved 1077248K
  class space    used 3886K, capacity 4208K, committed 4224K, reserved 1048576K
Event: 2.891 GC heap after
Heap after GC invocations=8 (full 1):
 PSYoungGen      total 112640K, used 9190K [0x00000000d5e00000, 0x00000000e1000000, 0x0000000100000000)
  eden space 103424K, 0% used [0x00000000d5e00000,0x00000000d5e00000,0x00000000dc300000)
  from space 9216K, 99% used [0x00000000dc300000,0x00000000dcbf9bd0,0x00000000dcc00000)
  to   space 11264K, 0% used [0x00000000e0500000,0x00000000e0500000,0x00000000e1000000)
 ParOldGen       total 60416K, used 12498K [0x0000000081a00000, 0x0000000085500000, 0x00000000d5e00000)
  object space 60416K, 20% used [0x0000000081a00000,0x0000000082634ae0,0x0000000085500000)
 Metaspace       used 29598K, capacity 31456K, committed 31616K, reserved 1077248K
  class space    used 3886K, capacity 4208K, committed 4224K, reserved 1048576K
}
Event: 3.250 GC heap before
{Heap before GC invocations=9 (full 1):
 PSYoungGen      total 112640K, used 68021K [0x00000000d5e00000, 0x00000000e1000000, 0x0000000100000000)
  eden space 103424K, 56% used [0x00000000d5e00000,0x00000000d9773b10,0x00000000dc300000)
  from space 9216K, 99% used [0x00000000dc300000,0x00000000dcbf9bd0,0x00000000dcc00000)
  to   space 11264K, 0% used [0x00000000e0500000,0x00000000e0500000,0x00000000e1000000)
 ParOldGen       total 60416K, used 12498K [0x0000000081a00000, 0x0000000085500000, 0x00000000d5e00000)
  object space 60416K, 20% used [0x0000000081a00000,0x0000000082634ae0,0x0000000085500000)
 Metaspace       used 33392K, capacity 35362K, committed 35416K, reserved 1079296K
  class space    used 4392K, capacity 4733K, committed 4736K, reserved 1048576K
Event: 3.268 GC heap after
Heap after GC invocations=9 (full 1):
 PSYoungGen      total 169472K, used 11167K [0x00000000d5e00000, 0x00000000e1980000, 0x0000000100000000)
  eden space 158208K, 0% used [0x00000000d5e00000,0x00000000d5e00000,0x00000000df880000)
  from space 11264K, 99% used [0x00000000e0500000,0x00000000e0fe7c18,0x00000000e1000000)
  to   space 12800K, 0% used [0x00000000df880000,0x00000000df880000,0x00000000e0500000)
 ParOldGen       total 60416K, used 12506K [0x0000000081a00000, 0x0000000085500000, 0x00000000d5e00000)
  object space 60416K, 20% used [0x0000000081a00000,0x0000000082636ae0,0x0000000085500000)
 Metaspace       used 33392K, capacity 35362K, committed 35416K, reserved 1079296K
  class space    used 4392K, capacity 4733K, committed 4736K, reserved 1048576K
}
Event: 3.268 GC heap before
{Heap before GC invocations=10 (full 2):
 PSYoungGen      total 169472K, used 11167K [0x00000000d5e00000, 0x00000000e1980000, 0x0000000100000000)
  eden space 158208K, 0% used [0x00000000d5e00000,0x00000000d5e00000,0x00000000df880000)
  from space 11264K, 99% used [0x00000000e0500000,0x00000000e0fe7c18,0x00000000e1000000)
  to   space 12800K, 0% used [0x00000000df880000,0x00000000df880000,0x00000000e0500000)
 ParOldGen       total 60416K, used 12506K [0x0000000081a00000, 0x0000000085500000, 0x00000000d5e00000)
  object space 60416K, 20% used [0x0000000081a00000,0x0000000082636ae0,0x0000000085500000)
 Metaspace       used 33392K, capacity 35362K, committed 35416K, reserved 1079296K
  class space    used 4392K, capacity 4733K, committed 4736K, reserved 1048576K
Event: 3.322 GC heap after
Heap after GC invocations=10 (full 2):
 PSYoungGen      total 169472K, used 0K [0x00000000d5e00000, 0x00000000e1980000, 0x0000000100000000)
  eden space 158208K, 0% used [0x00000000d5e00000,0x00000000d5e00000,0x00000000df880000)
  from space 11264K, 0% used [0x00000000e0500000,0x00000000e0500000,0x00000000e1000000)
  to   space 12800K, 0% used [0x00000000df880000,0x00000000df880000,0x00000000e0500000)
 ParOldGen       total 88576K, used 15393K [0x0000000081a00000, 0x0000000087080000, 0x00000000d5e00000)
  object space 88576K, 17% used [0x0000000081a00000,0x00000000829087a0,0x0000000087080000)
 Metaspace       used 33392K, capacity 35362K, committed 35416K, reserved 1079296K
  class space    used 4392K, capacity 4733K, committed 4736K, reserved 1048576K
}

Deoptimization events (10 events):
Event: 3.071 Thread 0x0000000003161000 Uncommon trap: reason=class_check action=maybe_recompile pc=0x0000000003be04ec method=sun.reflect.generics.reflectiveObjects.TypeVariableImpl.hashCode()I @ 4
Event: 3.071 Thread 0x0000000003161000 Uncommon trap: reason=class_check action=maybe_recompile pc=0x0000000003be04ec method=sun.reflect.generics.reflectiveObjects.TypeVariableImpl.hashCode()I @ 4
Event: 3.119 Thread 0x0000000003161000 Uncommon trap: reason=unstable_if action=reinterpret pc=0x0000000003de4c08 method=java.net.URL.<init>(Ljava/net/URL;Ljava/lang/String;Ljava/net/URLStreamHandler;)V @ 57
Event: 3.170 Thread 0x0000000003161000 Uncommon trap: reason=class_check action=maybe_recompile pc=0x0000000003b8c7c4 method=org.springframework.core.ResolvableType.resolveType()Lorg/springframework/core/ResolvableType; @ 101
Event: 3.198 Thread 0x0000000003161000 Uncommon trap: reason=unstable_if action=reinterpret pc=0x0000000003e488ec method=org.springframework.boot.context.properties.source.ConfigurationPropertyName$ElementsParser.add(IILorg/springframework/boot/context/properties/source/ConfigurationPropertyNa
Event: 3.335 Thread 0x0000000003161000 Uncommon trap: reason=unstable_if action=reinterpret pc=0x0000000003f065d0 method=org.springframework.beans.factory.support.AbstractAutowireCapableBeanFactory.getTypeForFactoryBean(Ljava/lang/String;Lorg/springframework/beans/factory/support/RootBeanDefin
Event: 3.456 Thread 0x000000001fa45000 Uncommon trap: reason=unstable_if action=reinterpret pc=0x00000000037e3578 method=java.lang.ClassLoader.getClassLoadingLock(Ljava/lang/String;)Ljava/lang/Object; @ 6
Event: 3.524 Thread 0x0000000003161000 Uncommon trap: reason=bimorphic action=maybe_recompile pc=0x0000000003a1d5a4 method=java.util.HashMap.putVal(ILjava/lang/Object;Ljava/lang/Object;ZZ)Ljava/lang/Object; @ 253
Event: 3.539 Thread 0x0000000003161000 Uncommon trap: reason=bimorphic action=maybe_recompile pc=0x0000000003a1d5a4 method=java.util.HashMap.putVal(ILjava/lang/Object;Ljava/lang/Object;ZZ)Ljava/lang/Object; @ 253
Event: 3.629 Thread 0x0000000003161000 Uncommon trap: reason=unstable_if action=reinterpret pc=0x00000000039b2e68 method=java.util.Properties.loadConvert([CII[C)Ljava/lang/String; @ 445

Classes redefined (0 events):
No events

Internal exceptions (10 events):
Event: 3.343 Thread 0x0000000003161000 Exception <a 'java/lang/ClassNotFoundException': org/springframework/context/annotation/ConfigurationClassEnhancer$EnhancedConfigurationCustomizer> (0x00000000d6016530) thrown at [C:\jenkins\workspace\8-2-build-windows-amd64-cygwin\jdk8u251\737\hotspot\sr
Event: 3.345 Thread 0x0000000003161000 Exception <a 'java/lang/ClassNotFoundException': org/springframework/beans/factory/BeanFactoryAwareCustomizer> (0x00000000d603a108) thrown at [C:\jenkins\workspace\8-2-build-windows-amd64-cygwin\jdk8u251\737\hotspot\src\share\vm\classfile\systemDictionary
Event: 3.345 Thread 0x0000000003161000 Exception <a 'java/lang/ClassNotFoundException': org/springframework/beans/factory/AwareCustomizer> (0x00000000d605a5d8) thrown at [C:\jenkins\workspace\8-2-build-windows-amd64-cygwin\jdk8u251\737\hotspot\src\share\vm\classfile\systemDictionary.cpp, line 
Event: 3.542 Thread 0x0000000003161000 Exception <a 'java/lang/ClassNotFoundException': java/lang/ObjectCustomizer> (0x00000000d8376438) thrown at [C:\jenkins\workspace\8-2-build-windows-amd64-cygwin\jdk8u251\737\hotspot\src\share\vm\classfile\systemDictionary.cpp, line 210]
Event: 3.543 Thread 0x0000000003161000 Exception <a 'java/lang/ClassNotFoundException': org/apache/ibatis/session/defaults/DefaultSqlSessionFactoryCustomizer> (0x00000000d83a12c8) thrown at [C:\jenkins\workspace\8-2-build-windows-amd64-cygwin\jdk8u251\737\hotspot\src\share\vm\classfile\systemD
Event: 3.544 Thread 0x0000000003161000 Exception <a 'java/lang/ClassNotFoundException': org/apache/ibatis/session/SqlSessionFactoryCustomizer> (0x00000000d83caa50) thrown at [C:\jenkins\workspace\8-2-build-windows-amd64-cygwin\jdk8u251\737\hotspot\src\share\vm\classfile\systemDictionary.cpp, l
Event: 3.555 Thread 0x0000000003161000 Exception <a 'java/lang/ClassNotFoundException': java/lang/ObjectCustomizer> (0x00000000d845eba8) thrown at [C:\jenkins\workspace\8-2-build-windows-amd64-cygwin\jdk8u251\737\hotspot\src\share\vm\classfile\systemDictionary.cpp, line 210]
Event: 3.556 Thread 0x0000000003161000 Exception <a 'java/lang/ClassNotFoundException': org/mybatis/spring/SqlSessionTemplateCustomizer> (0x00000000d84808a8) thrown at [C:\jenkins\workspace\8-2-build-windows-amd64-cygwin\jdk8u251\737\hotspot\src\share\vm\classfile\systemDictionary.cpp, line 21
Event: 3.558 Thread 0x0000000003161000 Exception <a 'java/lang/ClassNotFoundException': org/apache/ibatis/session/SqlSessionCustomizer> (0x00000000d84d38a8) thrown at [C:\jenkins\workspace\8-2-build-windows-amd64-cygwin\jdk8u251\737\hotspot\src\share\vm\classfile\systemDictionary.cpp, line 210
Event: 3.560 Thread 0x0000000003161000 Exception <a 'java/lang/ClassNotFoundException': org/springframework/beans/factory/DisposableBeanCustomizer> (0x00000000d85f2520) thrown at [C:\jenkins\workspace\8-2-build-windows-amd64-cygwin\jdk8u251\737\hotspot\src\share\vm\classfile\systemDictionary.c

Events (10 events):
Event: 3.812 loading class com/mysql/cj/protocol/a/NativeUtils
Event: 3.812 loading class com/mysql/cj/protocol/a/NativeUtils done
Event: 3.820 loading class com/mysql/cj/protocol/a/result/OkPacket
Event: 3.820 loading class com/mysql/cj/protocol/a/result/OkPacket done
Event: 3.821 loading class com/mysql/cj/protocol/a/TimeTrackingPacketSender
Event: 3.821 loading class com/mysql/cj/protocol/a/TimeTrackingPacketSender done
Event: 3.822 loading class com/mysql/cj/protocol/a/TimeTrackingPacketReader
Event: 3.822 loading class com/mysql/cj/protocol/a/TimeTrackingPacketReader done
Event: 3.822 loading class com/mysql/cj/protocol/a/MultiPacketReader
Event: 3.822 loading class com/mysql/cj/protocol/a/MultiPacketReader done


Dynamic libraries:
0x00007ff755f30000 - 0x00007ff755f67000 	C:\Program Files\Java\jdk1.8.0_251\jre\bin\java.exe
0x00007ffe06d80000 - 0x00007ffe06f50000 	C:\Windows\SYSTEM32\ntdll.dll
0x00007ffe06040000 - 0x00007ffe060ec000 	C:\Windows\System32\KERNEL32.DLL
0x00007ffe036b0000 - 0x00007ffe038ce000 	C:\Windows\System32\KERNELBASE.dll
0x00007ffe047b0000 - 0x00007ffe04852000 	C:\Windows\System32\ADVAPI32.dll
0x00007ffe06670000 - 0x00007ffe0670e000 	C:\Windows\System32\msvcrt.dll
0x00007ffe065a0000 - 0x00007ffe065f9000 	C:\Windows\System32\sechost.dll
0x00007ffe04620000 - 0x00007ffe04741000 	C:\Windows\System32\RPCRT4.dll
0x00007ffe04860000 - 0x00007ffe049c6000 	C:\Windows\System32\USER32.dll
0x00007ffe03690000 - 0x00007ffe036ae000 	C:\Windows\System32\win32u.dll
0x00007ffe04410000 - 0x00007ffe04444000 	C:\Windows\System32\GDI32.dll
0x00007ffe039f0000 - 0x00007ffe03b71000 	C:\Windows\System32\gdi32full.dll
0x00007ffdf6ac0000 - 0x00007ffdf6d3a000 	C:\Windows\WinSxS\amd64_microsoft.windows.common-controls_6595b64144ccf1df_6.0.14393.3053_none_7de042968342015d\COMCTL32.dll
0x00007ffe06160000 - 0x00007ffe06425000 	C:\Windows\System32\combase.dll
0x00007ffe03270000 - 0x00007ffe03364000 	C:\Windows\System32\ucrtbase.dll
0x00007ffe03980000 - 0x00007ffe039ea000 	C:\Windows\System32\bcryptPrimitives.dll
0x00007ffe04450000 - 0x00007ffe0447e000 	C:\Windows\System32\IMM32.DLL
0x0000000060fc0000 - 0x0000000061092000 	C:\Program Files\Java\jdk1.8.0_251\jre\bin\msvcr100.dll
0x0000000060710000 - 0x0000000060fbb000 	C:\Program Files\Java\jdk1.8.0_251\jre\bin\server\jvm.dll
0x00007ffe06660000 - 0x00007ffe06668000 	C:\Windows\System32\PSAPI.DLL
0x00007ffdf82e0000 - 0x00007ffdf82ea000 	C:\Windows\SYSTEM32\VERSION.dll
0x00007ffe01040000 - 0x00007ffe01063000 	C:\Windows\SYSTEM32\WINMM.dll
0x00007ffdf7cd0000 - 0x00007ffdf7cd9000 	C:\Windows\SYSTEM32\WSOCK32.dll
0x00007ffe049d0000 - 0x00007ffe04a3a000 	C:\Windows\System32\WS2_32.dll
0x0000000002f90000 - 0x0000000002fbb000 	C:\Windows\SYSTEM32\WINMMBASE.dll
0x00007ffe033d0000 - 0x00007ffe03412000 	C:\Windows\System32\cfgmgr32.dll
0x00007ffdfe900000 - 0x00007ffdfe90f000 	C:\Program Files\Java\jdk1.8.0_251\jre\bin\verify.dll
0x00007ffdf5a50000 - 0x00007ffdf5a79000 	C:\Program Files\Java\jdk1.8.0_251\jre\bin\java.dll
0x00007ffdf9330000 - 0x00007ffdf9346000 	C:\Program Files\Java\jdk1.8.0_251\jre\bin\zip.dll
0x00007ffe04a40000 - 0x00007ffe05f46000 	C:\Windows\System32\SHELL32.dll
0x00007ffe03c30000 - 0x00007ffe04308000 	C:\Windows\System32\windows.storage.dll
0x00007ffe03200000 - 0x00007ffe0324c000 	C:\Windows\System32\powrprof.dll
0x00007ffe06600000 - 0x00007ffe06652000 	C:\Windows\System32\shlwapi.dll
0x00007ffe031f0000 - 0x00007ffe031ff000 	C:\Windows\System32\kernel.appcore.dll
0x00007ffe038d0000 - 0x00007ffe03979000 	C:\Windows\System32\shcore.dll
0x00007ffe03250000 - 0x00007ffe03264000 	C:\Windows\System32\profapi.dll
0x00007ffdf7da0000 - 0x00007ffdf7dad000 	C:\Program Files\Java\jdk1.8.0_251\jre\bin\management.dll
0x00007ffdf5a30000 - 0x00007ffdf5a4a000 	C:\Program Files\Java\jdk1.8.0_251\jre\bin\net.dll
0x00007ffe02ab0000 - 0x00007ffe02b0d000 	C:\Windows\system32\mswsock.dll
0x00007ffdf5a10000 - 0x00007ffdf5a22000 	C:\Program Files\Java\jdk1.8.0_251\jre\bin\nio.dll
0x00007ffdf79d0000 - 0x00007ffdf79e6000 	C:\Windows\system32\napinsp.dll
0x00007ffdf79f0000 - 0x00007ffdf7a0a000 	C:\Windows\system32\pnrpnsp.dll
0x00007ffe00ea0000 - 0x00007ffe00eb8000 	C:\Windows\system32\NLAapi.dll
0x00007ffe02830000 - 0x00007ffe028d2000 	C:\Windows\SYSTEM32\DNSAPI.dll
0x00007ffe06430000 - 0x00007ffe06438000 	C:\Windows\System32\NSI.dll
0x00007ffe027f0000 - 0x00007ffe02828000 	C:\Windows\SYSTEM32\IPHLPAPI.DLL
0x00007ffdf6980000 - 0x00007ffdf698e000 	C:\Windows\System32\winrnr.dll
0x00007ffdf9360000 - 0x00007ffdf936a000 	C:\Windows\System32\rasadhlp.dll
0x00007ffdfdf70000 - 0x00007ffdfdfda000 	C:\Windows\System32\fwpuclnt.dll
0x00007ffe03120000 - 0x00007ffe0314b000 	C:\Windows\SYSTEM32\bcrypt.dll
0x00007ffe02c50000 - 0x00007ffe02c67000 	C:\Windows\SYSTEM32\CRYPTSP.dll
0x00007ffe02670000 - 0x00007ffe026a3000 	C:\Windows\system32\rsaenh.dll
0x00007ffe02930000 - 0x00007ffe0294f000 	C:\Windows\SYSTEM32\USERENV.dll
0x00007ffe02c70000 - 0x00007ffe02c7b000 	C:\Windows\SYSTEM32\CRYPTBASE.dll
0x00007ffdff0b0000 - 0x00007ffdff0c6000 	C:\Windows\SYSTEM32\dhcpcsvc6.DLL
0x00007ffdff040000 - 0x00007ffdff05a000 	C:\Windows\SYSTEM32\dhcpcsvc.DLL

VM Arguments:
java_command: C:\Users\ADMINI~1\AppData\Local\Temp\surefire3609311003634137664\surefirebooter887790600578479285.jar C:\Users\Administrator\AppData\Local\Temp\surefire3609311003634137664 2020-08-11T10-01-48_039-jvmRun1 surefire5607433180019218582tmp surefire_0328658478708368957tmp
java_class_path (initial): C:\Users\ADMINI~1\AppData\Local\Temp\surefire3609311003634137664\surefirebooter887790600578479285.jar
Launcher Type: SUN_STANDARD

Environment Variables:
PATH=C:\Program Files\Java\jdk1.8.0_251\bin;d:\oracle\dbhome_1\bin;C:\Program Files (x86)\Common Files\Oracle\Java\javapath;D:\Program Files (x86)\;C:\Windows\system32;C:\Windows;C:\Windows\System32\Wbem;C:\Windows\System32\WindowsPowerShell\v1.0\;D:\maven\apache-maven-3.6.1\bin;d:\Git\cmd;D:\apache-ant-1.10.8\bin;D:\nodejs;C:\Users\Administrator\AppData\Roaming\npm;%GRADLE_HOME%\bin;D:\TortoiseSVN\bin;C:\Users\Administrator\AppData\Local\Microsoft\WindowsApps;C:\Users\Administrator\AppData\Roaming\npm;D:\IPFS Desktop\resources\app.asar.unpacked\src\ipfs-on-path\scripts\bin-win;D:\gradle\gradle-6.5.1\bin
USERNAME=Administrator
OS=Windows_NT
PROCESSOR_IDENTIFIER=Intel64 Family 6 Model 94 Stepping 3, GenuineIntel



---------------  S Y S T E M  ---------------

OS: Windows 10.0 , 64 bit Build 14393 (10.0.14393.3630)

CPU:total 8 (initial active 8) (4 cores per cpu, 2 threads per core) family 6 model 94 stepping 3, cmov, cx8, fxsr, mmx, sse, sse2, sse3, ssse3, sse4.1, sse4.2, popcnt, avx, avx2, aes, clmul, erms, rtm, 3dnowpref, lzcnt, ht, tsc, tscinvbit, bmi1, bmi2, adx

Memory: 4k page, physical 8276972k(740532k free), swap 22900132k(5708k free)

vm_info: Java HotSpot(TM) 64-Bit Server VM (25.251-b08) for windows-amd64 JRE (1.8.0_251-b08), built on Mar 12 2020 06:31:49 by "" with MS VC++ 10.0 (VS2010)

time: Tue Aug 11 10:01:52 2020
timezone: 中国标准时间
elapsed time: 3 seconds (0d 0h 0m 3s)

